Release 14.4 - xst P.49d (nt64)
Copyright (c) 1995-2012 Xilinx, Inc.  All rights reserved.
--> Parameter TMPDIR set to xst/projnav.tmp


Total REAL time to Xst completion: 0.00 secs
Total CPU time to Xst completion: 0.11 secs
 
--> Parameter xsthdpdir set to xst


Total REAL time to Xst completion: 0.00 secs
Total CPU time to Xst completion: 0.11 secs
 
--> Reading design: functions.prj

TABLE OF CONTENTS
  1) Synthesis Options Summary
  2) HDL Parsing
  3) HDL Elaboration
  4) HDL Synthesis
       4.1) HDL Synthesis Report
  5) Advanced HDL Synthesis
       5.1) Advanced HDL Synthesis Report
  6) Low Level Synthesis
  7) Partition Report
  8) Design Summary
       8.1) Primitive and Black Box Usage
       8.2) Device utilization summary
       8.3) Partition Resource Summary
       8.4) Timing Report
            8.4.1) Clock Information
            8.4.2) Asynchronous Control Signals Information
            8.4.3) Timing Summary
            8.4.4) Timing Details
            8.4.5) Cross Clock Domains Report


=========================================================================
*                      Synthesis Options Summary                        *
=========================================================================
---- Source Parameters
Input File Name                    : "functions.prj"
Ignore Synthesis Constraint File   : NO

---- Target Parameters
Output File Name                   : "functions"
Output Format                      : NGC
Target Device                      : xc6slx45-3-csg324

---- Source Options
Top Module Name                    : functions
Automatic FSM Extraction           : YES
FSM Encoding Algorithm             : Auto
Safe Implementation                : No
FSM Style                          : LUT
RAM Extraction                     : Yes
RAM Style                          : Auto
ROM Extraction                     : Yes
Shift Register Extraction          : YES
ROM Style                          : Auto
Resource Sharing                   : YES
Asynchronous To Synchronous        : NO
Shift Register Minimum Size        : 2
Use DSP Block                      : Auto
Automatic Register Balancing       : No

---- Target Options
LUT Combining                      : Auto
Reduce Control Sets                : Auto
Add IO Buffers                     : YES
Global Maximum Fanout              : 100000
Add Generic Clock Buffer(BUFG)     : 16
Register Duplication               : YES
Optimize Instantiated Primitives   : NO
Use Clock Enable                   : Auto
Use Synchronous Set                : Auto
Use Synchronous Reset              : Auto
Pack IO Registers into IOBs        : Auto
Equivalent register Removal        : YES

---- General Options
Optimization Goal                  : Speed
Optimization Effort                : 1
Power Reduction                    : NO
Keep Hierarchy                     : No
Netlist Hierarchy                  : As_Optimized
RTL Output                         : Yes
Global Optimization                : AllClockNets
Read Cores                         : YES
Write Timing Constraints           : NO
Cross Clock Analysis               : NO
Hierarchy Separator                : /
Bus Delimiter                      : <>
Case Specifier                     : Maintain
Slice Utilization Ratio            : 100
BRAM Utilization Ratio             : 100
DSP48 Utilization Ratio            : 100
Auto BRAM Packing                  : NO
Slice Utilization Ratio Delta      : 5

=========================================================================


=========================================================================
*                          HDL Parsing                                  *
=========================================================================
Analyzing Verilog file "C:\Users\Shubham Jindal\Desktop\temp\i1.v" into library work
Parsing module <functions>.
Parsing module <DeBounce>.

=========================================================================
*                            HDL Elaboration                            *
=========================================================================

Elaborating module <functions>.

Elaborating module <DeBounce>.
WARNING:HDLCompiler:413 - "C:\Users\Shubham Jindal\Desktop\temp\i1.v" Line 180: Result of 12-bit expression is truncated to fit in 11-bit target.
WARNING:HDLCompiler:413 - "C:\Users\Shubham Jindal\Desktop\temp\i1.v" Line 54: Result of 6-bit expression is truncated to fit in 5-bit target.

=========================================================================
*                           HDL Synthesis                               *
=========================================================================

Synthesizing Unit <functions>.
    Related source file is "C:\Users\Shubham Jindal\Desktop\temp\i1.v".
WARNING:Xst:647 - Input <RESET> is never used. This port will be preserved and left unconnected if it belongs to a top-level block or it belongs to a sub-block and the hierarchy of this sub-block is preserved.
WARNING:Xst:647 - Input <d> is never used. This port will be preserved and left unconnected if it belongs to a top-level block or it belongs to a sub-block and the hierarchy of this sub-block is preserved.
    Found 50-bit register for signal <n0311[49:0]>.
    Found 5-bit register for signal <count>.
    Found 6-bit register for signal <avg>.
    Found 16-bit register for signal <temp2>.
    Found 5-bit register for signal <n>.
    Found 7-bit subtractor for signal <GND_1_o_GND_1_o_sub_76_OUT> created at line 111.
    Found 7-bit subtractor for signal <GND_1_o_GND_1_o_sub_79_OUT> created at line 113.
    Found 7-bit subtractor for signal <GND_1_o_GND_1_o_sub_86_OUT> created at line 111.
    Found 7-bit subtractor for signal <GND_1_o_GND_1_o_sub_90_OUT> created at line 113.
    Found 7-bit subtractor for signal <GND_1_o_GND_1_o_sub_98_OUT> created at line 111.
    Found 7-bit subtractor for signal <GND_1_o_GND_1_o_sub_102_OUT> created at line 113.
    Found 7-bit subtractor for signal <GND_1_o_GND_1_o_sub_110_OUT> created at line 111.
    Found 7-bit subtractor for signal <GND_1_o_GND_1_o_sub_114_OUT> created at line 113.
    Found 7-bit subtractor for signal <GND_1_o_GND_1_o_sub_122_OUT> created at line 111.
    Found 7-bit subtractor for signal <GND_1_o_GND_1_o_sub_126_OUT> created at line 113.
    Found 7-bit subtractor for signal <GND_1_o_GND_1_o_sub_134_OUT> created at line 111.
    Found 7-bit subtractor for signal <GND_1_o_GND_1_o_sub_138_OUT> created at line 113.
    Found 7-bit subtractor for signal <GND_1_o_GND_1_o_sub_146_OUT> created at line 111.
    Found 7-bit subtractor for signal <GND_1_o_GND_1_o_sub_150_OUT> created at line 113.
    Found 7-bit subtractor for signal <GND_1_o_GND_1_o_sub_158_OUT> created at line 111.
    Found 7-bit subtractor for signal <GND_1_o_GND_1_o_sub_162_OUT> created at line 113.
    Found 7-bit subtractor for signal <GND_1_o_GND_1_o_sub_170_OUT> created at line 111.
    Found 7-bit subtractor for signal <GND_1_o_GND_1_o_sub_174_OUT> created at line 113.
    Found 7-bit subtractor for signal <GND_1_o_GND_1_o_sub_182_OUT> created at line 111.
    Found 7-bit subtractor for signal <GND_1_o_GND_1_o_sub_186_OUT> created at line 113.
    Found 5-bit adder for signal <count[4]_GND_1_o_add_21_OUT> created at line 54.
    Found 8-bit adder for signal <n0678[7:0]> created at line 74.
    Found 9-bit adder for signal <n0681[8:0]> created at line 74.
    Found 10-bit adder for signal <n0684[9:0]> created at line 74.
    Found 11-bit adder for signal <n0687[10:0]> created at line 74.
    Found 12-bit adder for signal <n0690[11:0]> created at line 74.
    Found 13-bit adder for signal <n0693[12:0]> created at line 74.
    Found 14-bit adder for signal <n0696[13:0]> created at line 74.
    Found 6-bit adder for signal <n0699[5:0]> created at line 83.
    Found 7-bit adder for signal <n0702[6:0]> created at line 83.
    Found 11-bit adder for signal <n0726[10:0]> created at line 93.
    Found 12-bit adder for signal <n0729[11:0]> created at line 93.
    Found 13-bit adder for signal <n0732[12:0]> created at line 93.
    Found 14-bit adder for signal <GND_1_o_GND_1_o_add_88_OUT> created at line 111.
    Found 14-bit adder for signal <GND_1_o_GND_1_o_add_92_OUT> created at line 113.
    Found 14-bit adder for signal <GND_1_o_GND_1_o_add_100_OUT> created at line 111.
    Found 14-bit adder for signal <GND_1_o_GND_1_o_add_104_OUT> created at line 113.
    Found 14-bit adder for signal <GND_1_o_GND_1_o_add_112_OUT> created at line 111.
    Found 14-bit adder for signal <GND_1_o_GND_1_o_add_116_OUT> created at line 113.
    Found 14-bit adder for signal <GND_1_o_GND_1_o_add_124_OUT> created at line 111.
    Found 14-bit adder for signal <GND_1_o_GND_1_o_add_128_OUT> created at line 113.
    Found 14-bit adder for signal <GND_1_o_GND_1_o_add_136_OUT> created at line 111.
    Found 14-bit adder for signal <GND_1_o_GND_1_o_add_140_OUT> created at line 113.
    Found 14-bit adder for signal <GND_1_o_GND_1_o_add_148_OUT> created at line 111.
    Found 14-bit adder for signal <GND_1_o_GND_1_o_add_152_OUT> created at line 113.
    Found 14-bit adder for signal <GND_1_o_GND_1_o_add_160_OUT> created at line 111.
    Found 14-bit adder for signal <GND_1_o_GND_1_o_add_164_OUT> created at line 113.
    Found 14-bit adder for signal <GND_1_o_GND_1_o_add_172_OUT> created at line 111.
    Found 14-bit adder for signal <GND_1_o_GND_1_o_add_176_OUT> created at line 113.
    Found 14-bit adder for signal <GND_1_o_GND_1_o_add_184_OUT> created at line 111.
    Found 14-bit adder for signal <GND_1_o_GND_1_o_add_188_OUT> created at line 113.
    Found 14-bit adder for signal <_n0962> created at line 93.
    Found 14-bit adder for signal <_n0963> created at line 93.
    Found 14-bit adder for signal <_n0964> created at line 93.
    Found 14-bit adder for signal <_n0965> created at line 93.
    Found 14-bit adder for signal <_n0966> created at line 93.
    Found 14-bit adder for signal <BUS_0023_GND_1_o_add_61_OUT> created at line 93.
    Found 6-bit adder for signal <_n0969> created at line 83.
    Found 6-bit adder for signal <_n0970> created at line 103.
    Found 6-bit adder for signal <_n0971> created at line 103.
    Found 6-bit adder for signal <_n0972> created at line 103.
    Found 6-bit adder for signal <_n0973> created at line 83.
    Found 6-bit adder for signal <_n0974> created at line 83.
    Found 6-bit adder for signal <_n0975> created at line 103.
    Found 6-bit adder for signal <_n0976> created at line 103.
    Found 6-bit adder for signal <_n0977> created at line 103.
    Found 6-bit adder for signal <avg[5]_GND_1_o_add_71_OUT> created at line 103.
    Found 6-bit adder for signal <_n0980> created at line 83.
    Found 6-bit adder for signal <_n0983> created at line 83.
    Found 6-bit adder for signal <_n0984> created at line 83.
    Found 6-bit adder for signal <BUS_0011_GND_1_o_add_41_OUT> created at line 83.
    Found 5x5-bit multiplier for signal <inp[0][4]_inp[0][4]_MuLt_43_OUT> created at line 93.
    Found 5x5-bit multiplier for signal <inp[1][4]_inp[1][4]_MuLt_44_OUT> created at line 93.
    Found 5x5-bit multiplier for signal <inp[2][4]_inp[2][4]_MuLt_46_OUT> created at line 93.
    Found 5x5-bit multiplier for signal <inp[3][4]_inp[3][4]_MuLt_48_OUT> created at line 93.
    Found 5x5-bit multiplier for signal <inp[4][4]_inp[4][4]_MuLt_50_OUT> created at line 93.
    Found 5x5-bit multiplier for signal <inp[5][4]_inp[5][4]_MuLt_52_OUT> created at line 93.
    Found 5x5-bit multiplier for signal <inp[6][4]_inp[6][4]_MuLt_54_OUT> created at line 93.
    Found 5x5-bit multiplier for signal <inp[7][4]_inp[7][4]_MuLt_56_OUT> created at line 93.
    Found 5x5-bit multiplier for signal <inp[8][4]_inp[8][4]_MuLt_58_OUT> created at line 93.
    Found 5x5-bit multiplier for signal <inp[9][4]_inp[9][4]_MuLt_60_OUT> created at line 93.
    Found 14x14-bit multiplier for signal <n0368> created at line 111.
    Found 14x14-bit multiplier for signal <n0370> created at line 113.
    Found 14x14-bit multiplier for signal <n0374> created at line 111.
    Found 14x14-bit multiplier for signal <n0377> created at line 113.
    Found 14x14-bit multiplier for signal <n0382> created at line 111.
    Found 14x14-bit multiplier for signal <n0385> created at line 113.
    Found 14x14-bit multiplier for signal <n0390> created at line 111.
    Found 14x14-bit multiplier for signal <n0393> created at line 113.
    Found 14x14-bit multiplier for signal <n0398> created at line 111.
    Found 14x14-bit multiplier for signal <n0401> created at line 113.
    Found 14x14-bit multiplier for signal <n0406> created at line 111.
    Found 14x14-bit multiplier for signal <n0409> created at line 113.
    Found 14x14-bit multiplier for signal <n0414> created at line 111.
    Found 14x14-bit multiplier for signal <n0417> created at line 113.
    Found 14x14-bit multiplier for signal <n0422> created at line 111.
    Found 14x14-bit multiplier for signal <n0425> created at line 113.
    Found 14x14-bit multiplier for signal <n0430> created at line 111.
    Found 14x14-bit multiplier for signal <n0433> created at line 113.
    Found 14x14-bit multiplier for signal <n0438> created at line 111.
    Found 14x14-bit multiplier for signal <n0441> created at line 113.
    Found 16-bit 4-to-1 multiplexer for signal <selected[1]_temp2[15]_wide_mux_293_OUT> created at line 68.
    Found 5-bit comparator greater for signal <n0000> created at line 25
    Found 6-bit comparator greater for signal <avg[5]_GND_1_o_LessThan_75_o> created at line 110
    Found 5-bit comparator greater for signal <GND_1_o_n[4]_LessThan_84_o> created at line 108
    Found 6-bit comparator greater for signal <avg[5]_GND_1_o_LessThan_85_o> created at line 110
    Found 5-bit comparator greater for signal <GND_1_o_n[4]_LessThan_96_o> created at line 108
    Found 6-bit comparator greater for signal <avg[5]_GND_1_o_LessThan_97_o> created at line 110
    Found 5-bit comparator greater for signal <GND_1_o_n[4]_LessThan_108_o> created at line 108
    Found 6-bit comparator greater for signal <avg[5]_GND_1_o_LessThan_109_o> created at line 110
    Found 5-bit comparator greater for signal <GND_1_o_n[4]_LessThan_120_o> created at line 108
    Found 6-bit comparator greater for signal <avg[5]_GND_1_o_LessThan_121_o> created at line 110
    Found 5-bit comparator greater for signal <GND_1_o_n[4]_LessThan_132_o> created at line 108
    Found 6-bit comparator greater for signal <avg[5]_GND_1_o_LessThan_133_o> created at line 110
    Found 5-bit comparator greater for signal <GND_1_o_n[4]_LessThan_144_o> created at line 108
    Found 6-bit comparator greater for signal <avg[5]_GND_1_o_LessThan_145_o> created at line 110
    Found 5-bit comparator greater for signal <GND_1_o_n[4]_LessThan_156_o> created at line 108
    Found 6-bit comparator greater for signal <avg[5]_GND_1_o_LessThan_157_o> created at line 110
    Found 5-bit comparator greater for signal <GND_1_o_n[4]_LessThan_168_o> created at line 108
    Found 6-bit comparator greater for signal <avg[5]_GND_1_o_LessThan_169_o> created at line 110
    Found 5-bit comparator greater for signal <GND_1_o_n[4]_LessThan_180_o> created at line 108
    Found 6-bit comparator greater for signal <avg[5]_GND_1_o_LessThan_181_o> created at line 110
    Found 14-bit comparator greater for signal <GND_1_o_GND_1_o_LessThan_193_o> created at line 121
    Found 14-bit comparator greater for signal <GND_1_o_GND_1_o_LessThan_196_o> created at line 121
    Found 14-bit comparator greater for signal <GND_1_o_GND_1_o_LessThan_199_o> created at line 121
    Found 14-bit comparator greater for signal <GND_1_o_GND_1_o_LessThan_202_o> created at line 121
    Found 14-bit comparator greater for signal <GND_1_o_GND_1_o_LessThan_205_o> created at line 121
    Found 14-bit comparator greater for signal <GND_1_o_GND_1_o_LessThan_208_o> created at line 121
    Found 14-bit comparator greater for signal <GND_1_o_GND_1_o_LessThan_211_o> created at line 121
    Found 14-bit comparator greater for signal <GND_1_o_GND_1_o_LessThan_214_o> created at line 121
    Found 14-bit comparator greater for signal <GND_1_o_GND_1_o_LessThan_217_o> created at line 121
    Found 14-bit comparator greater for signal <GND_1_o_GND_1_o_LessThan_220_o> created at line 121
    Found 14-bit comparator greater for signal <GND_1_o_GND_1_o_LessThan_223_o> created at line 121
    Found 14-bit comparator greater for signal <GND_1_o_GND_1_o_LessThan_226_o> created at line 121
    Found 14-bit comparator greater for signal <GND_1_o_GND_1_o_LessThan_229_o> created at line 121
    Found 14-bit comparator greater for signal <GND_1_o_GND_1_o_LessThan_232_o> created at line 121
    Found 14-bit comparator greater for signal <GND_1_o_GND_1_o_LessThan_235_o> created at line 121
    Found 14-bit comparator greater for signal <GND_1_o_GND_1_o_LessThan_238_o> created at line 121
    Found 14-bit comparator greater for signal <GND_1_o_GND_1_o_LessThan_241_o> created at line 121
    Found 14-bit comparator greater for signal <GND_1_o_GND_1_o_LessThan_244_o> created at line 121
    Found 14-bit comparator greater for signal <GND_1_o_GND_1_o_LessThan_247_o> created at line 121
    Found 14-bit comparator greater for signal <GND_1_o_GND_1_o_LessThan_250_o> created at line 121
    Found 14-bit comparator greater for signal <GND_1_o_GND_1_o_LessThan_253_o> created at line 121
    Found 14-bit comparator greater for signal <GND_1_o_GND_1_o_LessThan_256_o> created at line 121
    Found 14-bit comparator greater for signal <GND_1_o_GND_1_o_LessThan_259_o> created at line 121
    Found 14-bit comparator greater for signal <GND_1_o_GND_1_o_LessThan_262_o> created at line 121
    Found 14-bit comparator greater for signal <GND_1_o_GND_1_o_LessThan_265_o> created at line 121
    Found 14-bit comparator greater for signal <GND_1_o_GND_1_o_LessThan_268_o> created at line 121
    Found 14-bit comparator greater for signal <GND_1_o_GND_1_o_LessThan_271_o> created at line 121
    Found 14-bit comparator greater for signal <GND_1_o_GND_1_o_LessThan_274_o> created at line 121
    Found 14-bit comparator greater for signal <GND_1_o_GND_1_o_LessThan_277_o> created at line 121
    Found 14-bit comparator greater for signal <GND_1_o_GND_1_o_LessThan_280_o> created at line 121
    Found 14-bit comparator greater for signal <GND_1_o_GND_1_o_LessThan_283_o> created at line 121
    Found 14-bit comparator greater for signal <GND_1_o_GND_1_o_LessThan_286_o> created at line 121
    Found 14-bit comparator greater for signal <GND_1_o_GND_1_o_LessThan_289_o> created at line 121
    Summary:
	inferred  30 Multiplier(s).
	inferred  71 Adder/Subtractor(s).
	inferred  82 D-type flip-flop(s).
	inferred  53 Comparator(s).
	inferred  65 Multiplexer(s).
Unit <functions> synthesized.

Synthesizing Unit <DeBounce>.
    Related source file is "C:\Users\Shubham Jindal\Desktop\temp\i1.v".
        N = 11
    Found 1-bit register for signal <DFF2>.
    Found 11-bit register for signal <q_reg>.
    Found 1-bit register for signal <DB_out>.
    Found 1-bit register for signal <DFF1>.
    Found 11-bit adder for signal <q_reg[10]_GND_2_o_add_0_OUT> created at line 180.
    Summary:
	inferred   1 Adder/Subtractor(s).
	inferred  14 D-type flip-flop(s).
Unit <DeBounce> synthesized.

Synthesizing Unit <div_6u_5u>.
    Related source file is "".
    Found 11-bit adder for signal <n0175> created at line 0.
    Found 11-bit adder for signal <GND_3_o_b[4]_add_1_OUT> created at line 0.
    Found 10-bit adder for signal <n0179> created at line 0.
    Found 10-bit adder for signal <GND_3_o_b[4]_add_3_OUT> created at line 0.
    Found 9-bit adder for signal <n0183> created at line 0.
    Found 9-bit adder for signal <GND_3_o_b[4]_add_5_OUT> created at line 0.
    Found 8-bit adder for signal <n0187> created at line 0.
    Found 8-bit adder for signal <GND_3_o_b[4]_add_7_OUT> created at line 0.
    Found 7-bit adder for signal <n0191> created at line 0.
    Found 7-bit adder for signal <GND_3_o_b[4]_add_9_OUT> created at line 0.
    Found 6-bit adder for signal <n0195> created at line 0.
    Found 6-bit adder for signal <a[5]_b[4]_add_11_OUT[5:0]> created at line 0.
    Found 11-bit comparator lessequal for signal <BUS_0001> created at line 0
    Found 10-bit comparator lessequal for signal <BUS_0002> created at line 0
    Found 9-bit comparator lessequal for signal <BUS_0003> created at line 0
    Found 8-bit comparator lessequal for signal <BUS_0004> created at line 0
    Found 7-bit comparator lessequal for signal <BUS_0005> created at line 0
    Found 6-bit comparator lessequal for signal <BUS_0006> created at line 0
    Found 6-bit comparator lessequal for signal <BUS_0007> created at line 0
    Summary:
	inferred  12 Adder/Subtractor(s).
	inferred   7 Comparator(s).
	inferred  26 Multiplexer(s).
Unit <div_6u_5u> synthesized.

Synthesizing Unit <div_14u_5u>.
    Related source file is "".
    Found 19-bit adder for signal <n0575> created at line 0.
    Found 19-bit adder for signal <GND_6_o_b[4]_add_1_OUT> created at line 0.
    Found 18-bit adder for signal <n0579> created at line 0.
    Found 18-bit adder for signal <GND_6_o_b[4]_add_3_OUT> created at line 0.
    Found 17-bit adder for signal <n0583> created at line 0.
    Found 17-bit adder for signal <GND_6_o_b[4]_add_5_OUT> created at line 0.
    Found 16-bit adder for signal <n0587> created at line 0.
    Found 16-bit adder for signal <GND_6_o_b[4]_add_7_OUT> created at line 0.
    Found 15-bit adder for signal <n0591> created at line 0.
    Found 15-bit adder for signal <GND_6_o_b[4]_add_9_OUT> created at line 0.
    Found 14-bit adder for signal <n0595> created at line 0.
    Found 14-bit adder for signal <a[13]_b[4]_add_11_OUT> created at line 0.
    Found 14-bit adder for signal <n0599> created at line 0.
    Found 14-bit adder for signal <a[13]_GND_6_o_add_13_OUT> created at line 0.
    Found 14-bit adder for signal <n0603> created at line 0.
    Found 14-bit adder for signal <a[13]_GND_6_o_add_15_OUT> created at line 0.
    Found 14-bit adder for signal <n0607> created at line 0.
    Found 14-bit adder for signal <a[13]_GND_6_o_add_17_OUT> created at line 0.
    Found 14-bit adder for signal <n0611> created at line 0.
    Found 14-bit adder for signal <a[13]_GND_6_o_add_19_OUT> created at line 0.
    Found 14-bit adder for signal <n0615> created at line 0.
    Found 14-bit adder for signal <a[13]_GND_6_o_add_21_OUT> created at line 0.
    Found 14-bit adder for signal <n0619> created at line 0.
    Found 14-bit adder for signal <a[13]_GND_6_o_add_23_OUT[13:0]> created at line 0.
    Found 14-bit adder for signal <n0623> created at line 0.
    Found 14-bit adder for signal <a[13]_GND_6_o_add_25_OUT[13:0]> created at line 0.
    Found 14-bit adder for signal <n0627> created at line 0.
    Found 14-bit adder for signal <a[13]_GND_6_o_add_27_OUT[13:0]> created at line 0.
    Found 19-bit comparator lessequal for signal <BUS_0001> created at line 0
    Found 18-bit comparator lessequal for signal <BUS_0002> created at line 0
    Found 17-bit comparator lessequal for signal <BUS_0003> created at line 0
    Found 16-bit comparator lessequal for signal <BUS_0004> created at line 0
    Found 15-bit comparator lessequal for signal <BUS_0005> created at line 0
    Found 14-bit comparator lessequal for signal <BUS_0006> created at line 0
    Found 14-bit comparator lessequal for signal <BUS_0007> created at line 0
    Found 14-bit comparator lessequal for signal <BUS_0008> created at line 0
    Found 14-bit comparator lessequal for signal <BUS_0009> created at line 0
    Found 14-bit comparator lessequal for signal <BUS_0010> created at line 0
    Found 14-bit comparator lessequal for signal <BUS_0011> created at line 0
    Found 14-bit comparator lessequal for signal <BUS_0012> created at line 0
    Found 14-bit comparator lessequal for signal <BUS_0013> created at line 0
    Found 14-bit comparator lessequal for signal <BUS_0014> created at line 0
    Found 14-bit comparator lessequal for signal <BUS_0015> created at line 0
    Summary:
	inferred  28 Adder/Subtractor(s).
	inferred  15 Comparator(s).
	inferred 157 Multiplexer(s).
Unit <div_14u_5u> synthesized.

=========================================================================
HDL Synthesis Report

Macro Statistics
# Multipliers                                          : 30
 14x14-bit multiplier                                  : 20
 5x5-bit multiplier                                    : 10
# Adders/Subtractors                                   : 124
 10-bit adder                                          : 5
 11-bit adder                                          : 7
 12-bit adder                                          : 2
 13-bit adder                                          : 2
 14-bit adder                                          : 43
 15-bit adder                                          : 2
 16-bit adder                                          : 2
 17-bit adder                                          : 2
 18-bit adder                                          : 2
 19-bit adder                                          : 2
 5-bit adder                                           : 1
 6-bit adder                                           : 19
 7-bit adder                                           : 5
 7-bit subtractor                                      : 20
 8-bit adder                                           : 5
 9-bit adder                                           : 5
# Registers                                            : 8
 1-bit register                                        : 1
 11-bit register                                       : 1
 16-bit register                                       : 1
 2-bit register                                        : 1
 5-bit register                                        : 2
 50-bit register                                       : 1
 6-bit register                                        : 1
# Comparators                                          : 82
 10-bit comparator lessequal                           : 2
 11-bit comparator lessequal                           : 2
 14-bit comparator greater                             : 33
 14-bit comparator lessequal                           : 10
 15-bit comparator lessequal                           : 1
 16-bit comparator lessequal                           : 1
 17-bit comparator lessequal                           : 1
 18-bit comparator lessequal                           : 1
 19-bit comparator lessequal                           : 1
 5-bit comparator greater                              : 10
 6-bit comparator greater                              : 10
 6-bit comparator lessequal                            : 4
 7-bit comparator lessequal                            : 2
 8-bit comparator lessequal                            : 2
 9-bit comparator lessequal                            : 2
# Multiplexers                                         : 274
 1-bit 2-to-1 multiplexer                              : 202
 14-bit 2-to-1 multiplexer                             : 23
 16-bit 2-to-1 multiplexer                             : 33
 16-bit 4-to-1 multiplexer                             : 1
 50-bit 2-to-1 multiplexer                             : 9
 6-bit 2-to-1 multiplexer                              : 5
 8-bit 2-to-1 multiplexer                              : 1
# Xors                                                 : 1
 1-bit xor2                                            : 1

=========================================================================

=========================================================================
*                       Advanced HDL Synthesis                          *
=========================================================================


Synthesizing (advanced) Unit <functions>.
The following registers are absorbed into counter <count>: 1 register on signal <count>.
	The following adders/subtractors are grouped into adder tree <Madd_n0696[13:0]1> :
 	<Madd_n0678[7:0]> in block <functions>, 	<Madd_n0681[8:0]> in block <functions>, 	<Madd_n0684[9:0]> in block <functions>, 	<Madd_n0687[10:0]> in block <functions>, 	<Madd_n0690[11:0]> in block <functions>, 	<Madd_n0693[12:0]> in block <functions>, 	<Madd_n0696[13:0]> in block <functions>.
	The following adders/subtractors are grouped into adder tree <Madd_BUS_0023_GND_1_o_add_61_OUT1> :
 	<Madd_n0726[10:0]> in block <functions>, 	<Madd_n0729[11:0]> in block <functions>, 	<Madd_n0732[12:0]> in block <functions>, 	<Madd__n0962> in block <functions>, 	<Madd__n0963> in block <functions>, 	<Madd__n0964> in block <functions>.
	The following adders/subtractors are grouped into adder tree <Madd__n09771> :
 	<Madd__n0971> in block <functions>, 	<Madd__n0970> in block <functions>, 	<Madd__n0972> in block <functions>, 	<Madd__n0975> in block <functions>.
	The following adders/subtractors are grouped into adder tree <Madd__n09841> :
 	<Madd__n0980> in block <functions>, 	<Madd__n0983> in block <functions>.
	Multiplier <Mmult_n0441> in block <functions> and adder/subtractor <Madd_GND_1_o_GND_1_o_add_188_OUT> in block <functions> are combined into a MAC<Maddsub_n0441>.
	Multiplier <Mmult_n0438> in block <functions> and adder/subtractor <Madd_GND_1_o_GND_1_o_add_184_OUT> in block <functions> are combined into a MAC<Maddsub_n0438>.
	Multiplier <Mmult_n0430> in block <functions> and adder/subtractor <Madd_GND_1_o_GND_1_o_add_172_OUT> in block <functions> are combined into a MAC<Maddsub_n0430>.
	Multiplier <Mmult_n0433> in block <functions> and adder/subtractor <Madd_GND_1_o_GND_1_o_add_176_OUT> in block <functions> are combined into a MAC<Maddsub_n0433>.
	Multiplier <Mmult_n0422> in block <functions> and adder/subtractor <Madd_GND_1_o_GND_1_o_add_160_OUT> in block <functions> are combined into a MAC<Maddsub_n0422>.
	Multiplier <Mmult_n0425> in block <functions> and adder/subtractor <Madd_GND_1_o_GND_1_o_add_164_OUT> in block <functions> are combined into a MAC<Maddsub_n0425>.
	Multiplier <Mmult_n0414> in block <functions> and adder/subtractor <Madd_GND_1_o_GND_1_o_add_148_OUT> in block <functions> are combined into a MAC<Maddsub_n0414>.
	Multiplier <Mmult_n0417> in block <functions> and adder/subtractor <Madd_GND_1_o_GND_1_o_add_152_OUT> in block <functions> are combined into a MAC<Maddsub_n0417>.
	Multiplier <Mmult_n0406> in block <functions> and adder/subtractor <Madd_GND_1_o_GND_1_o_add_136_OUT> in block <functions> are combined into a MAC<Maddsub_n0406>.
	Multiplier <Mmult_n0409> in block <functions> and adder/subtractor <Madd_GND_1_o_GND_1_o_add_140_OUT> in block <functions> are combined into a MAC<Maddsub_n0409>.
	Multiplier <Mmult_n0398> in block <functions> and adder/subtractor <Madd_GND_1_o_GND_1_o_add_124_OUT> in block <functions> are combined into a MAC<Maddsub_n0398>.
	Multiplier <Mmult_n0401> in block <functions> and adder/subtractor <Madd_GND_1_o_GND_1_o_add_128_OUT> in block <functions> are combined into a MAC<Maddsub_n0401>.
	Multiplier <Mmult_n0390> in block <functions> and adder/subtractor <Madd_GND_1_o_GND_1_o_add_112_OUT> in block <functions> are combined into a MAC<Maddsub_n0390>.
	Multiplier <Mmult_n0393> in block <functions> and adder/subtractor <Madd_GND_1_o_GND_1_o_add_116_OUT> in block <functions> are combined into a MAC<Maddsub_n0393>.
	Multiplier <Mmult_n0382> in block <functions> and adder/subtractor <Madd_GND_1_o_GND_1_o_add_100_OUT> in block <functions> are combined into a MAC<Maddsub_n0382>.
	Multiplier <Mmult_n0385> in block <functions> and adder/subtractor <Madd_GND_1_o_GND_1_o_add_104_OUT> in block <functions> are combined into a MAC<Maddsub_n0385>.
	Multiplier <Mmult_n0374> in block <functions> and adder/subtractor <Madd_GND_1_o_GND_1_o_add_88_OUT> in block <functions> are combined into a MAC<Maddsub_n0374>.
	Multiplier <Mmult_n0377> in block <functions> and adder/subtractor <Madd_GND_1_o_GND_1_o_add_92_OUT> in block <functions> are combined into a MAC<Maddsub_n0377>.
	Multiplier <Mmult_inp[7][4]_inp[7][4]_MuLt_56_OUT> in block <functions> and adder/subtractor <ADDER_FOR_MULTADD_Madd8> in block <functions> are combined into a MAC<Maddsub_inp[7][4]_inp[7][4]_MuLt_56_OUT>.
	Multiplier <Mmult_inp[6][4]_inp[6][4]_MuLt_54_OUT> in block <functions> and adder/subtractor <ADDER_FOR_MULTADD_Madd7> in block <functions> are combined into a MAC<Maddsub_inp[6][4]_inp[6][4]_MuLt_54_OUT>.
	Multiplier <Mmult_inp[5][4]_inp[5][4]_MuLt_52_OUT> in block <functions> and adder/subtractor <ADDER_FOR_MULTADD_Madd6> in block <functions> are combined into a MAC<Maddsub_inp[5][4]_inp[5][4]_MuLt_52_OUT>.
	Multiplier <Mmult_inp[4][4]_inp[4][4]_MuLt_50_OUT> in block <functions> and adder/subtractor <ADDER_FOR_MULTADD_Madd5> in block <functions> are combined into a MAC<Maddsub_inp[4][4]_inp[4][4]_MuLt_50_OUT>.
	Multiplier <Mmult_inp[9][4]_inp[9][4]_MuLt_60_OUT> in block <functions> and adder/subtractor <ADDER_FOR_MULTADD_Madd4> in block <functions> are combined into a MAC<Maddsub_inp[9][4]_inp[9][4]_MuLt_60_OUT>.
	Multiplier <Mmult_inp[8][4]_inp[8][4]_MuLt_58_OUT> in block <functions> and adder/subtractor <ADDER_FOR_MULTADD_Madd3> in block <functions> are combined into a MAC<Maddsub_inp[8][4]_inp[8][4]_MuLt_58_OUT>.
	Multiplier <Mmult_inp[3][4]_inp[3][4]_MuLt_48_OUT> in block <functions> and adder/subtractor <ADDER_FOR_MULTADD_Madd2> in block <functions> are combined into a MAC<Maddsub_inp[3][4]_inp[3][4]_MuLt_48_OUT>.
	Multiplier <Mmult_inp[2][4]_inp[2][4]_MuLt_46_OUT> in block <functions> and adder/subtractor <ADDER_FOR_MULTADD_Madd1> in block <functions> are combined into a MAC<Maddsub_inp[2][4]_inp[2][4]_MuLt_46_OUT>.
	Multiplier <Mmult_inp[0][4]_inp[0][4]_MuLt_43_OUT> in block <functions> and adder/subtractor <ADDER_FOR_MULTADD_Madd> in block <functions> are combined into a MAC<Maddsub_inp[0][4]_inp[0][4]_MuLt_43_OUT>.
Unit <functions> synthesized (advanced).

=========================================================================
Advanced HDL Synthesis Report

Macro Statistics
# MACs                                                 : 27
 5x5-to-14-bit MAC                                     : 9
 7x7-to-14-bit Dynamic Mult/MultAdd                    : 2
 7x7-to-14-bit MAC                                     : 16
# Multipliers                                          : 3
 5x5-bit multiplier                                    : 1
 7x7-bit multiplier                                    : 2
# Adders/Subtractors                                   : 54
 11-bit adder                                          : 1
 14-bit adder carry in                                 : 14
 6-bit adder                                           : 6
 6-bit adder carry in                                  : 12
 7-bit adder                                           : 1
 7-bit subtractor                                      : 20
# Adder Trees                                          : 3
 14-bit / 8-inputs adder tree                          : 1
 6-bit / 4-inputs adder tree                           : 1
 6-bit / 7-inputs adder tree                           : 1
# Counters                                             : 1
 5-bit up counter                                      : 1
# Registers                                            : 91
 Flip-Flops                                            : 91
# Comparators                                          : 82
 10-bit comparator lessequal                           : 2
 11-bit comparator lessequal                           : 2
 14-bit comparator greater                             : 33
 14-bit comparator lessequal                           : 10
 15-bit comparator lessequal                           : 1
 16-bit comparator lessequal                           : 1
 17-bit comparator lessequal                           : 1
 18-bit comparator lessequal                           : 1
 19-bit comparator lessequal                           : 1
 5-bit comparator greater                              : 10
 6-bit comparator greater                              : 10
 6-bit comparator lessequal                            : 4
 7-bit comparator lessequal                            : 2
 8-bit comparator lessequal                            : 2
 9-bit comparator lessequal                            : 2
# Multiplexers                                         : 281
 1-bit 2-to-1 multiplexer                              : 210
 14-bit 2-to-1 multiplexer                             : 23
 16-bit 2-to-1 multiplexer                             : 33
 16-bit 4-to-1 multiplexer                             : 1
 50-bit 2-to-1 multiplexer                             : 9
 6-bit 2-to-1 multiplexer                              : 5
# Xors                                                 : 1
 1-bit xor2                                            : 1

=========================================================================

=========================================================================
*                         Low Level Synthesis                           *
=========================================================================
WARNING:Xst:1710 - FF/Latch <temp2_14> (without init value) has a constant value of 0 in block <functions>. This FF/Latch will be trimmed during the optimization process.
WARNING:Xst:1895 - Due to other FF/Latch trimming, FF/Latch <temp2_15> (without init value) has a constant value of 0 in block <functions>. This FF/Latch will be trimmed during the optimization process.

Optimizing unit <functions> ...

Optimizing unit <DeBounce> ...

Optimizing unit <div_14u_5u> ...

Mapping all equations...
Building and optimizing final netlist ...
Found area constraint ratio of 100 (+ 5) on block functions, actual ratio is 5.

Final Macro Processing ...

=========================================================================
Final Register Report

Macro Statistics
# Registers                                            : 94
 Flip-Flops                                            : 94

=========================================================================

=========================================================================
*                           Partition Report                            *
=========================================================================

Partition Implementation Status
-------------------------------

  No Partitions were found in this design.

-------------------------------

=========================================================================
*                            Design Summary                             *
=========================================================================

Top Level Output File Name         : functions.ngc

Primitive and Black Box Usage:
------------------------------
# BELS                             : 2123
#      GND                         : 1
#      INV                         : 14
#      LUT1                        : 6
#      LUT2                        : 63
#      LUT3                        : 115
#      LUT4                        : 150
#      LUT5                        : 382
#      LUT6                        : 995
#      MUXCY                       : 176
#      MUXF7                       : 36
#      VCC                         : 1
#      XORCY                       : 184
# FlipFlops/Latches                : 94
#      FD                          : 32
#      FDE                         : 62
# Clock Buffers                    : 3
#      BUFG                        : 1
#      BUFGP                       : 2
# IO Buffers                       : 17
#      IBUF                        : 9
#      OBUF                        : 8
# DSPs                             : 27
#      DSP48A1                     : 27

Device utilization summary:
---------------------------

Selected Device : 6slx45csg324-3 


Slice Logic Utilization: 
 Number of Slice Registers:              94  out of  54576     0%  
 Number of Slice LUTs:                 1725  out of  27288     6%  
    Number used as Logic:              1725  out of  27288     6%  

Slice Logic Distribution: 
 Number of LUT Flip Flop pairs used:   1736
   Number with an unused Flip Flop:    1642  out of   1736    94%  
   Number with an unused LUT:            11  out of   1736     0%  
   Number of fully used LUT-FF pairs:    83  out of   1736     4%  
   Number of unique control sets:         7

IO Utilization: 
 Number of IOs:                          21
 Number of bonded IOBs:                  19  out of    218     8%  

Specific Feature Utilization:
 Number of BUFG/BUFGCTRLs:                3  out of     16    18%  
 Number of DSP48A1s:                     27  out of     58    46%  

---------------------------
Partition Resource Summary:
---------------------------

  No Partitions were found in this design.

---------------------------


=========================================================================
Timing Report

NOTE: THESE TIMING NUMBERS ARE ONLY A SYNTHESIS ESTIMATE.
      FOR ACCURATE TIMING INFORMATION PLEASE REFER TO THE TRACE REPORT
      GENERATED AFTER PLACE-and-ROUTE.

Clock Information:
------------------
-----------------------------------+------------------------+-------+
Clock Signal                       | Clock buffer(FF name)  | Load  |
-----------------------------------+------------------------+-------+
bd/DB_out                          | BUFG                   | 69    |
b                                  | BUFGP                  | 20    |
myClk                              | BUFGP                  | 14    |
-----------------------------------+------------------------+-------+

Asynchronous Control Signals Information:
----------------------------------------
No asynchronous control signals found in this design

Timing Summary:
---------------
Speed Grade: -3

   Minimum period: 91.587ns (Maximum Frequency: 10.919MHz)
   Minimum input arrival time before clock: 6.770ns
   Maximum output required time after clock: 4.484ns
   Maximum combinational path delay: 5.607ns

Timing Details:
---------------
All values displayed in nanoseconds (ns)

=========================================================================
Timing constraint: Default period analysis for Clock 'bd/DB_out'
  Clock period: 13.312ns (frequency: 75.120MHz)
  Total number of paths / destination ports: 1735 / 218
-------------------------------------------------------------------------
Delay:               6.656ns (Levels of Logic = 3)
  Source:            count_1 (FF)
  Destination:       inp_9_0 (FF)
  Source Clock:      bd/DB_out falling
  Destination Clock: bd/DB_out rising

  Data Path: count_1 to inp_9_0
                                Gate     Net
    Cell:in->out      fanout   Delay   Delay  Logical Name (Net Name)
    ----------------------------------------  ------------
     FD:C->Q              57   0.447   1.841  count_1 (count_1)
     LUT6:I2->O            1   0.203   0.808  n00002 (n00001)
     LUT5:I2->O            2   0.205   0.961  n000011 (n0000)
     LUT6:I1->O           68   0.203   1.666  _n1047_inv1 (_n1047_inv)
     FDE:CE                    0.322          inp_9_0
    ----------------------------------------
    Total                      6.656ns (1.380ns logic, 5.276ns route)
                                       (20.7% logic, 79.3% route)

=========================================================================
Timing constraint: Default period analysis for Clock 'b'
  Clock period: 91.587ns (frequency: 10.919MHz)
  Total number of paths / destination ports: 39718339113562129000000000000000000000000 / 12
-------------------------------------------------------------------------
Delay:               91.587ns (Levels of Logic = 79)
  Source:            avg_1 (FF)
  Destination:       temp2_0 (FF)
  Source Clock:      b rising
  Destination Clock: b rising

  Data Path: avg_1 to temp2_0
                                Gate     Net
    Cell:in->out      fanout   Delay   Delay  Logical Name (Net Name)
    ----------------------------------------  ------------
     FDE:C->Q              5   0.447   0.715  avg_1 (avg_1)
     LUT6:I5->O            6   0.205   1.089  Madd_avg[5]_GND_1_o_add_71_OUT11 (Madd_avg[5]_GND_1_o_add_71_OUT1)
     LUT6:I1->O            4   0.203   0.684  Madd_avg[5]_GND_1_o_add_71_OUT_cy<0>41 (Madd_avg[5]_GND_1_o_add_71_OUT_cy<0>3)
     LUT5:I4->O            3   0.205   0.651  Madd_avg[5]_GND_1_o_add_71_OUT_xor<0>61 (avg[5]_GND_1_o_add_71_OUT<5>)
     LUT6:I5->O            7   0.205   0.878  avg[5]_n[4]_div_72/Mmux_a[0]_GND_3_o_MUX_134_o151 (avg[5]_n[4]_div_72/a[5]_GND_3_o_MUX_129_o)
     LUT6:I4->O           15   0.203   0.982  avg[5]_n[4]_div_72/Mmux_a[0]_GND_3_o_MUX_150_o141 (avg[5]_n[4]_div_72/a[4]_GND_3_o_MUX_146_o)
     LUT5:I4->O            9   0.205   0.830  avg[5]_n[4]_div_72/Madd_GND_3_o_b[4]_add_9_OUT_Madd_Madd_cy<4>11 (avg[5]_n[4]_div_72/Madd_GND_3_o_b[4]_add_9_OUT_Madd_Madd_cy<4>)
     LUT5:I4->O           16   0.205   1.005  avg[5]_n[4]_div_72/Mmux_n019361 (avg[5]_n[4]_div_72/n0193<5>)
     LUT6:I5->O            3   0.205   0.995  avg[5]_n[4]_div_72_OUT<0>11_SW2 (N674)
     LUT6:I1->O            6   0.203   0.745  avg[5]_n[4]_div_72_OUT<0>11_1 (avg[5]_n[4]_div_72_OUT<0>111)
     LUT6:I5->O            2   0.205   0.617  avg[5]_n[4]_div_72_OUT<0>13_1 (avg[5]_n[4]_div_72_OUT<0>13)
     LUT6:I5->O           16   0.205   1.005  Msub_GND_1_o_GND_1_o_sub_79_OUT_cy<2>11 (Msub_GND_1_o_GND_1_o_sub_79_OUT_cy<2>)
     LUT6:I5->O            6   0.205   0.973  Mmult_n0370_GND_1_o_GND_1_o_sub_79_OUT<2>_x_GND_1_o_GND_1_o_sub_79_OUT<6>_not1 (Mmult_n0370_GND_1_o_GND_1_o_sub_79_OUT<2>_x_GND_1_o_GND_1_o_sub_79_OUT<6>_not)
     LUT6:I3->O            3   0.205   0.651  Mmult_n0370_Madd1_cy<7>11 (Mmult_n0370_Madd1_cy<7>)
     LUT6:I5->O            1   0.205   0.000  Mmult_n0370_Madd3_lut<9> (Mmult_n0370_Madd3_lut<9>)
     MUXCY:S->O            1   0.172   0.000  Mmult_n0370_Madd3_cy<9> (Mmult_n0370_Madd3_cy<9>)
     MUXCY:CI->O           1   0.019   0.000  Mmult_n0370_Madd3_cy<10> (Mmult_n0370_Madd3_cy<10>)
     MUXCY:CI->O           1   0.019   0.000  Mmult_n0370_Madd3_cy<11> (Mmult_n0370_Madd3_cy<11>)
     XORCY:CI->O           1   0.180   0.580  Mmult_n0370_Madd3_xor<12> (Mmult_n0370_Madd_123)
     LUT2:I1->O            1   0.205   0.000  Mmult_n0370_Madd4_lut<12> (Mmult_n0370_Madd4_lut<12>)
     MUXCY:S->O            0   0.172   0.000  Mmult_n0370_Madd4_cy<12> (Mmult_n0370_Madd4_cy<12>)
     XORCY:CI->O           5   0.180   0.715  Mmult_n0370_Madd4_xor<13> (n0370<13>)
     LUT6:I5->O           19   0.205   1.071  Mmux_GND_1_o_GND_1_o_mux_81_OUT51_2 (Mmux_GND_1_o_GND_1_o_mux_81_OUT511)
     DSP48A1:C13->P13      5   2.687   0.819  Maddsub_n0374 (GND_1_o_GND_1_o_add_88_OUT<13>)
     LUT6:I4->O           18   0.203   1.049  Mmux_n078751_2 (Mmux_n0787511)
     DSP48A1:C13->P13      5   2.687   0.819  Maddsub_n0382 (GND_1_o_GND_1_o_add_100_OUT<13>)
     LUT5:I3->O           19   0.203   1.071  Mmux_n079351_2 (Mmux_n0793511)
     DSP48A1:C13->P13      5   2.687   0.819  Maddsub_n0390 (GND_1_o_GND_1_o_add_112_OUT<13>)
     LUT5:I3->O           18   0.203   1.049  Mmux_n079951_2 (Mmux_n0799511)
     DSP48A1:C13->P13      4   2.687   0.788  Maddsub_n0398 (GND_1_o_GND_1_o_add_124_OUT<13>)
     LUT5:I3->O           18   0.203   1.049  Mmux_n080551_2 (Mmux_n0805511)
     DSP48A1:C13->P13      4   2.687   0.788  Maddsub_n0409 (GND_1_o_GND_1_o_add_140_OUT<13>)
     LUT5:I3->O           19   0.203   1.071  Mmux_n081151_2 (Mmux_n0811511)
     DSP48A1:C13->P13      5   2.687   0.819  Maddsub_n0417 (GND_1_o_GND_1_o_add_152_OUT<13>)
     LUT5:I3->O           18   0.203   1.049  Mmux_n081751_2 (Mmux_n0817511)
     DSP48A1:C13->P13      4   2.687   0.788  Maddsub_n0422 (GND_1_o_GND_1_o_add_160_OUT<13>)
     LUT6:I4->O           19   0.203   1.071  Mmux_n082351_2 (Mmux_n0823511)
     DSP48A1:C13->P13      4   2.687   0.788  Maddsub_n0430 (GND_1_o_GND_1_o_add_172_OUT<13>)
     LUT6:I4->O           19   0.203   1.071  Mmux_n082951_1 (Mmux_n082951)
     DSP48A1:C13->P12      1   2.687   0.684  Maddsub_n0438 (GND_1_o_GND_1_o_add_184_OUT<12>)
     LUT6:I4->O            8   0.203   0.803  Mmux_GND_1_o_GND_1_o_mux_190_OUT41 (GND_1_o_GND_1_o_mux_190_OUT<12>)
     LUT6:I5->O           10   0.205   0.961  GND_1_o_n[4]_div_191/o<12>11 (_n0849<1>)
     LUT6:I4->O           16   0.203   1.005  GND_1_o_n[4]_div_191/Mmux_a[0]_GND_6_o_MUX_336_o131 (GND_1_o_n[4]_div_191/a[12]_GND_6_o_MUX_324_o)
     LUT6:I5->O            2   0.205   0.617  GND_1_o_n[4]_div_191/o<10>2_1 (GND_1_o_n[4]_div_191/o<10>2)
     LUT6:I5->O            8   0.205   1.147  GND_1_o_n[4]_div_191/Madd_a[13]_b[4]_add_11_OUT_Madd_lut<11>1 (GND_1_o_n[4]_div_191/Madd_a[13]_b[4]_add_11_OUT_Madd_lut<11>)
     LUT6:I1->O            1   0.203   0.684  GND_1_o_n[4]_div_191/o<9>11_SW6_G (N1640)
     LUT3:I1->O            1   0.203   0.684  GND_1_o_n[4]_div_191/o<9>11_SW61 (N1205)
     LUT5:I3->O           11   0.203   1.130  GND_1_o_n[4]_div_191/Mmux_a[0]_a[13]_MUX_394_o121 (GND_1_o_n[4]_div_191/a[11]_a[13]_MUX_383_o)
     LUT6:I2->O            3   0.203   0.651  GND_1_o_n[4]_div_191/o<8>11_1 (GND_1_o_n[4]_div_191/o<8>11)
     LUT6:I5->O            7   0.205   1.002  GND_1_o_n[4]_div_191/o<7>2 (GND_1_o_n[4]_div_191/o<7>1)
     LUT6:I3->O            3   0.205   0.651  GND_1_o_n[4]_div_191/o<7>1_1 (GND_1_o_n[4]_div_191/o<7>11)
     LUT6:I5->O           10   0.205   0.856  GND_1_o_n[4]_div_191/Mmux_a[0]_a[13]_MUX_422_o1131 (GND_1_o_n[4]_div_191/a[9]_a[13]_MUX_413_o)
     MUXCY:DI->O           1   0.145   0.000  GND_1_o_n[4]_div_191/Madd_a[13]_GND_6_o_add_17_OUT_Madd_cy<9> (GND_1_o_n[4]_div_191/Madd_a[13]_GND_6_o_add_17_OUT_Madd_cy<9>)
     MUXCY:CI->O           1   0.019   0.000  GND_1_o_n[4]_div_191/Madd_a[13]_GND_6_o_add_17_OUT_Madd_cy<10> (GND_1_o_n[4]_div_191/Madd_a[13]_GND_6_o_add_17_OUT_Madd_cy<10>)
     MUXCY:CI->O           1   0.019   0.000  GND_1_o_n[4]_div_191/Madd_a[13]_GND_6_o_add_17_OUT_Madd_cy<11> (GND_1_o_n[4]_div_191/Madd_a[13]_GND_6_o_add_17_OUT_Madd_cy<11>)
     MUXCY:CI->O           0   0.019   0.000  GND_1_o_n[4]_div_191/Madd_a[13]_GND_6_o_add_17_OUT_Madd_cy<12> (GND_1_o_n[4]_div_191/Madd_a[13]_GND_6_o_add_17_OUT_Madd_cy<12>)
     XORCY:CI->O           2   0.180   0.961  GND_1_o_n[4]_div_191/Madd_a[13]_GND_6_o_add_17_OUT_Madd_xor<13> (GND_1_o_n[4]_div_191/a[13]_GND_6_o_add_17_OUT<13>)
     LUT6:I1->O           11   0.203   0.883  GND_1_o_n[4]_div_191/o<5>2_SW0 (N24)
     LUT6:I5->O            6   0.205   0.745  GND_1_o_n[4]_div_191/o<5>2_1 (GND_1_o_n[4]_div_191/o<5>2)
     LUT3:I2->O            5   0.205   0.714  GND_1_o_n[4]_div_191/Mmux_a[0]_a[13]_MUX_450_o191 (GND_1_o_n[4]_div_191/a[5]_a[13]_MUX_445_o)
     MUXCY:DI->O           1   0.145   0.000  GND_1_o_n[4]_div_191/Madd_a[13]_GND_6_o_add_21_OUT_Madd_cy<5> (GND_1_o_n[4]_div_191/Madd_a[13]_GND_6_o_add_21_OUT_Madd_cy<5>)
     MUXCY:CI->O           1   0.019   0.000  GND_1_o_n[4]_div_191/Madd_a[13]_GND_6_o_add_21_OUT_Madd_cy<6> (GND_1_o_n[4]_div_191/Madd_a[13]_GND_6_o_add_21_OUT_Madd_cy<6>)
     XORCY:CI->O           2   0.180   0.617  GND_1_o_n[4]_div_191/Madd_a[13]_GND_6_o_add_21_OUT_Madd_xor<7> (GND_1_o_n[4]_div_191/a[13]_GND_6_o_add_21_OUT<7>)
     LUT5:I4->O           19   0.205   1.071  GND_1_o_n[4]_div_191/Mmux_a[0]_a[13]_MUX_464_o1111 (GND_1_o_n[4]_div_191/a[7]_a[13]_MUX_457_o)
     MUXCY:DI->O           1   0.145   0.000  GND_1_o_n[4]_div_191/Madd_a[13]_GND_6_o_add_23_OUT[13:0]_Madd_cy<7> (GND_1_o_n[4]_div_191/Madd_a[13]_GND_6_o_add_23_OUT[13:0]_Madd_cy<7>)
     MUXCY:CI->O           1   0.019   0.000  GND_1_o_n[4]_div_191/Madd_a[13]_GND_6_o_add_23_OUT[13:0]_Madd_cy<8> (GND_1_o_n[4]_div_191/Madd_a[13]_GND_6_o_add_23_OUT[13:0]_Madd_cy<8>)
     XORCY:CI->O           6   0.180   0.973  GND_1_o_n[4]_div_191/Madd_a[13]_GND_6_o_add_23_OUT[13:0]_Madd_xor<9> (GND_1_o_n[4]_div_191/a[13]_GND_6_o_add_23_OUT[13:0]<9>)
     LUT5:I2->O            2   0.205   0.617  GND_1_o_n[4]_div_191/o<2>22_SW0 (N1432)
     LUT6:I5->O           21   0.205   1.114  GND_1_o_n[4]_div_191/o<2>22 (GND_1_o_n[4]_div_191/o<2>21)
     LUT6:I5->O            2   0.205   0.617  GND_1_o_n[4]_div_191/o<2>23_1 (GND_1_o_n[4]_div_191/o<2>23)
     LUT6:I5->O           14   0.205   1.062  GND_1_o_n[4]_div_191/o<1>22 (GND_1_o_n[4]_div_191/o<1>21)
     LUT5:I3->O            8   0.203   0.803  GND_1_o_n[4]_div_191/o<1>24_SW6_SW0 (N979)
     LUT6:I5->O            2   0.205   0.961  GND_1_o_n[4]_div_191/Mmux_n0568131 (GND_1_o_n[4]_div_191/n0568<8>)
     LUT5:I0->O            1   0.203   0.000  GND_1_o_n[4]_div_191/Mcompar_o<0>_lut<3> (GND_1_o_n[4]_div_191/Mcompar_o<0>_lut<3>)
     MUXCY:S->O            1   0.172   0.000  GND_1_o_n[4]_div_191/Mcompar_o<0>_cy<3> (GND_1_o_n[4]_div_191/Mcompar_o<0>_cy<3>)
     MUXCY:CI->O          25   0.019   1.193  GND_1_o_n[4]_div_191/Mcompar_o<0>_cy<4> (_n0849<13>)
     LUT6:I5->O            3   0.205   0.879  GND_1_o_GND_1_o_OR_76_o2 (GND_1_o_GND_1_o_OR_76_o)
     LUT6:I3->O            1   0.205   0.684  Mmux_selected[1]_temp2[15]_wide_mux_293_OUT24_SW0 (N887)
     LUT6:I4->O            1   0.203   0.580  Mmux_selected[1]_temp2[15]_wide_mux_293_OUT25 (Mmux_selected[1]_temp2[15]_wide_mux_293_OUT24)
     LUT6:I5->O            1   0.205   0.000  Mmux_selected[1]_temp2[15]_wide_mux_293_OUT29 (selected[1]_temp2[15]_wide_mux_293_OUT<0>)
     FD:D                      0.102          temp2_0
    ----------------------------------------
    Total                     91.587ns (37.148ns logic, 54.439ns route)
                                       (40.6% logic, 59.4% route)

=========================================================================
Timing constraint: Default period analysis for Clock 'myClk'
  Clock period: 3.718ns (frequency: 268.936MHz)
  Total number of paths / destination ports: 125 / 14
-------------------------------------------------------------------------
Delay:               3.718ns (Levels of Logic = 3)
  Source:            bd/q_reg_3 (FF)
  Destination:       bd/q_reg_10 (FF)
  Source Clock:      myClk rising
  Destination Clock: myClk rising

  Data Path: bd/q_reg_3 to bd/q_reg_10
                                Gate     Net
    Cell:in->out      fanout   Delay   Delay  Logical Name (Net Name)
    ----------------------------------------  ------------
     FD:C->Q               4   0.447   0.912  bd/q_reg_3 (bd/q_reg_3)
     LUT3:I0->O            2   0.205   0.617  bd/q_next<5>51 (bd/q_next<5>4)
     LUT5:I4->O            4   0.205   1.028  bd/Madd_q_reg[10]_GND_2_o_add_0_OUT_cy<6>11 (bd/Madd_q_reg[10]_GND_2_o_add_0_OUT_cy<6>)
     LUT6:I1->O            1   0.203   0.000  bd/q_next<1>1 (bd/q_next<10>)
     FD:D                      0.102          bd/q_reg_10
    ----------------------------------------
    Total                      3.718ns (1.162ns logic, 2.556ns route)
                                       (31.3% logic, 68.7% route)

=========================================================================
Timing constraint: Default OFFSET IN BEFORE for Clock 'bd/DB_out'
  Total number of paths / destination ports: 145 / 145
-------------------------------------------------------------------------
Offset:              3.110ns (Levels of Logic = 2)
  Source:            temp<4> (PAD)
  Destination:       Maddsub_inp[0][4]_inp[0][4]_MuLt_43_OUT (DSP)
  Destination Clock: bd/DB_out rising

  Data Path: temp<4> to Maddsub_inp[0][4]_inp[0][4]_MuLt_43_OUT
                                Gate     Net
    Cell:in->out      fanout   Delay   Delay  Logical Name (Net Name)
    ----------------------------------------  ------------
     IBUF:I->O            11   1.222   0.883  temp_4_IBUF (temp_4_IBUF)
     LUT5:I4->O            3   0.205   0.650  _n1007<9>1 (_n1007<9>)
     DSP48A1:A4                0.149          Maddsub_inp[8][4]_inp[8][4]_MuLt_58_OUT
    ----------------------------------------
    Total                      3.110ns (1.576ns logic, 1.534ns route)
                                       (50.7% logic, 49.3% route)

=========================================================================
Timing constraint: Default OFFSET IN BEFORE for Clock 'b'
  Total number of paths / destination ports: 98 / 26
-------------------------------------------------------------------------
Offset:              6.770ns (Levels of Logic = 5)
  Source:            selected<1> (PAD)
  Destination:       temp2_0 (FF)
  Destination Clock: b rising

  Data Path: selected<1> to temp2_0
                                Gate     Net
    Cell:in->out      fanout   Delay   Delay  Logical Name (Net Name)
    ----------------------------------------  ------------
     IBUF:I->O            30   1.222   1.608  selected_1_IBUF (selected_1_IBUF)
     LUT5:I0->O           10   0.203   1.201  Mmux_selected[1]_temp2[15]_wide_mux_293_OUT143 (Mmux_selected[1]_temp2[15]_wide_mux_293_OUT142)
     LUT6:I1->O            3   0.203   1.015  Mmux_selected[1]_temp2[15]_wide_mux_293_OUT28_SW1 (N130)
     LUT6:I0->O            1   0.203   0.808  Mmux_selected[1]_temp2[15]_wide_mux_293_OUT27_SW1 (N551)
     LUT6:I3->O            1   0.205   0.000  Mmux_selected[1]_temp2[15]_wide_mux_293_OUT29 (selected[1]_temp2[15]_wide_mux_293_OUT<0>)
     FD:D                      0.102          temp2_0
    ----------------------------------------
    Total                      6.770ns (2.138ns logic, 4.632ns route)
                                       (31.6% logic, 68.4% route)

=========================================================================
Timing constraint: Default OFFSET IN BEFORE for Clock 'myClk'
  Total number of paths / destination ports: 1 / 1
-------------------------------------------------------------------------
Offset:              1.903ns (Levels of Logic = 1)
  Source:            a (PAD)
  Destination:       bd/DFF1 (FF)
  Destination Clock: myClk rising

  Data Path: a to bd/DFF1
                                Gate     Net
    Cell:in->out      fanout   Delay   Delay  Logical Name (Net Name)
    ----------------------------------------  ------------
     IBUF:I->O             1   1.222   0.579  a_IBUF (a_IBUF)
     FD:D                      0.102          bd/DFF1
    ----------------------------------------
    Total                      1.903ns (1.324ns logic, 0.579ns route)
                                       (69.6% logic, 30.4% route)

=========================================================================
Timing constraint: Default OFFSET OUT AFTER for Clock 'b'
  Total number of paths / destination ports: 14 / 8
-------------------------------------------------------------------------
Offset:              4.484ns (Levels of Logic = 2)
  Source:            temp2_7 (FF)
  Destination:       sum<7> (PAD)
  Source Clock:      b rising

  Data Path: temp2_7 to sum<7>
                                Gate     Net
    Cell:in->out      fanout   Delay   Delay  Logical Name (Net Name)
    ----------------------------------------  ------------
     FD:C->Q               1   0.447   0.684  temp2_7 (temp2_7)
     LUT2:I0->O            1   0.203   0.579  mux711 (sum_7_OBUF)
     OBUF:I->O                 2.571          sum_7_OBUF (sum<7>)
    ----------------------------------------
    Total                      4.484ns (3.221ns logic, 1.263ns route)
                                       (71.8% logic, 28.2% route)

=========================================================================
Timing constraint: Default path analysis
  Total number of paths / destination ports: 8 / 8
-------------------------------------------------------------------------
Delay:               5.607ns (Levels of Logic = 3)
  Source:            c (PAD)
  Destination:       sum<5> (PAD)

  Data Path: c to sum<5>
                                Gate     Net
    Cell:in->out      fanout   Delay   Delay  Logical Name (Net Name)
    ----------------------------------------  ------------
     IBUF:I->O             8   1.222   1.031  c_IBUF (c_IBUF)
     LUT3:I0->O            1   0.205   0.579  mux112 (sum_0_OBUF)
     OBUF:I->O                 2.571          sum_0_OBUF (sum<0>)
    ----------------------------------------
    Total                      5.607ns (3.998ns logic, 1.609ns route)
                                       (71.3% logic, 28.7% route)

=========================================================================

Cross Clock Domains Report:
--------------------------

Clock to Setup on destination clock b
---------------+---------+---------+---------+---------+
               | Src:Rise| Src:Fall| Src:Rise| Src:Fall|
Source Clock   |Dest:Rise|Dest:Rise|Dest:Fall|Dest:Fall|
---------------+---------+---------+---------+---------+
b              |   91.587|         |         |         |
bd/DB_out      |   98.250|         |         |         |
---------------+---------+---------+---------+---------+

Clock to Setup on destination clock bd/DB_out
---------------+---------+---------+---------+---------+
               | Src:Rise| Src:Fall| Src:Rise| Src:Fall|
Source Clock   |Dest:Rise|Dest:Rise|Dest:Fall|Dest:Fall|
---------------+---------+---------+---------+---------+
bd/DB_out      |    7.176|    6.656|    2.852|         |
---------------+---------+---------+---------+---------+

Clock to Setup on destination clock myClk
---------------+---------+---------+---------+---------+
               | Src:Rise| Src:Fall| Src:Rise| Src:Fall|
Source Clock   |Dest:Rise|Dest:Rise|Dest:Fall|Dest:Fall|
---------------+---------+---------+---------+---------+
myClk          |    3.718|         |         |         |
---------------+---------+---------+---------+---------+

=========================================================================


Total REAL time to Xst completion: 42.00 secs
Total CPU time to Xst completion: 41.89 secs
 
--> 

Total memory usage is 380784 kilobytes

Number of errors   :    0 (   0 filtered)
Number of warnings :    6 (   0 filtered)
Number of infos    :    0 (   0 filtered)

